0 info it worked if it ends with ok
1 verbose cli [ '/Users/vutivi/.nvm/versions/node/v6.9.1/bin/node',
1 verbose cli   '/Users/vutivi/.nvm/versions/node/v6.9.1/bin/npm',
1 verbose cli   'run',
1 verbose cli   'dev' ]
2 info using npm@3.10.8
3 info using node@v6.9.1
4 verbose run-script [ 'predev', 'dev', 'postdev' ]
5 info lifecycle node-apis-project@1.0.0~predev: node-apis-project@1.0.0
6 silly lifecycle node-apis-project@1.0.0~predev: no script for predev, continuing
7 info lifecycle node-apis-project@1.0.0~dev: node-apis-project@1.0.0
8 verbose lifecycle node-apis-project@1.0.0~dev: unsafe-perm in lifecycle true
9 verbose lifecycle node-apis-project@1.0.0~dev: PATH: /Users/vutivi/.nvm/versions/node/v6.9.1/lib/node_modules/npm/bin/node-gyp-bin:/Users/vutivi/projects/utlwa/utlwa-api/tutorial/node-apis-project/node_modules/.bin:/Users/vutivi/.nvm/versions/node/v6.9.1/bin:/Users/vutivi/.rbenv/shims:/usr/local/bin:/usr/bin:/bin:/usr/sbin:/sbin
10 verbose lifecycle node-apis-project@1.0.0~dev: CWD: /Users/vutivi/projects/utlwa/utlwa-api/tutorial/node-apis-project
11 silly lifecycle node-apis-project@1.0.0~dev: Args: [ '-c', 'ts-node ./lib/server.ts' ]
12 silly lifecycle node-apis-project@1.0.0~dev: Returned: code: 1  signal: null
13 info lifecycle node-apis-project@1.0.0~dev: Failed to exec dev script
14 verbose stack Error: node-apis-project@1.0.0 dev: `ts-node ./lib/server.ts`
14 verbose stack Exit status 1
14 verbose stack     at EventEmitter.<anonymous> (/Users/vutivi/.nvm/versions/node/v6.9.1/lib/node_modules/npm/lib/utils/lifecycle.js:255:16)
14 verbose stack     at emitTwo (events.js:106:13)
14 verbose stack     at EventEmitter.emit (events.js:191:7)
14 verbose stack     at ChildProcess.<anonymous> (/Users/vutivi/.nvm/versions/node/v6.9.1/lib/node_modules/npm/lib/utils/spawn.js:40:14)
14 verbose stack     at emitTwo (events.js:106:13)
14 verbose stack     at ChildProcess.emit (events.js:191:7)
14 verbose stack     at maybeClose (internal/child_process.js:877:16)
14 verbose stack     at Process.ChildProcess._handle.onexit (internal/child_process.js:226:5)
15 verbose pkgid node-apis-project@1.0.0
16 verbose cwd /Users/vutivi/projects/utlwa/utlwa-api/tutorial/node-apis-project
17 error Darwin 17.7.0
18 error argv "/Users/vutivi/.nvm/versions/node/v6.9.1/bin/node" "/Users/vutivi/.nvm/versions/node/v6.9.1/bin/npm" "run" "dev"
19 error node v6.9.1
20 error npm  v3.10.8
21 error code ELIFECYCLE
22 error node-apis-project@1.0.0 dev: `ts-node ./lib/server.ts`
22 error Exit status 1
23 error Failed at the node-apis-project@1.0.0 dev script 'ts-node ./lib/server.ts'.
23 error Make sure you have the latest version of node.js and npm installed.
23 error If you do, this is most likely a problem with the node-apis-project package,
23 error not with npm itself.
23 error Tell the author that this fails on your system:
23 error     ts-node ./lib/server.ts
23 error You can get information on how to open an issue for this project with:
23 error     npm bugs node-apis-project
23 error Or if that isn't available, you can get their info via:
23 error     npm owner ls node-apis-project
23 error There is likely additional logging output above.
24 verbose exit [ 1, true ]
